This file contains any messages produced by compilers while
running configure, to aid debugging if configure makes a mistake.

It was created by configure, which was
generated by GNU Autoconf 2.69.  Invocation command line was

  $ ./configure 

## --------- ##
## Platform. ##
## --------- ##

hostname = 3422e3840618
uname -m = x86_64
uname -r = 5.10.47-linuxkit
uname -s = Linux
uname -v = #1 SMP Sat Jul 3 21:51:47 UTC 2021

/usr/bin/uname -p = unknown
/bin/uname -X     = unknown

/bin/arch              = unknown
/usr/bin/arch -k       = unknown
/usr/convex/getsysinfo = unknown
/usr/bin/hostinfo      = unknown
/bin/machine           = unknown
/usr/bin/oslevel       = unknown
/bin/universe          = unknown

PATH: /usr/local/sbin
PATH: /usr/local/bin
PATH: /usr/sbin
PATH: /usr/bin
PATH: /sbin
PATH: /bin


## ----------- ##
## Core tests. ##
## ----------- ##

configure:2323: checking for grep that handles long lines and -e
configure:2381: result: /bin/grep
configure:2386: checking for egrep
configure:2448: result: /bin/grep -E
configure:2453: checking for a sed that does not truncate output
configure:2507: result: /bin/sed
configure:2644: checking for cc
configure:2660: found /usr/bin/cc
configure:2671: result: cc
configure:2702: checking for C compiler version
configure:2711: cc --version >&5
cc (Debian 8.3.0-6) 8.3.0
Copyright (C) 2018 Free Software Foundation, Inc.
This is free software; see the source for copying conditions.  There is NO
warranty; not even for MERCHANTABILITY or FITNESS FOR A PARTICULAR PURPOSE.

configure:2722: $? = 0
configure:2711: cc -v >&5
Using built-in specs.
COLLECT_GCC=cc
COLLECT_LTO_WRAPPER=/usr/lib/gcc/x86_64-linux-gnu/8/lto-wrapper
OFFLOAD_TARGET_NAMES=nvptx-none
OFFLOAD_TARGET_DEFAULT=1
Target: x86_64-linux-gnu
Configured with: ../src/configure -v --with-pkgversion='Debian 8.3.0-6' --with-bugurl=file:///usr/share/doc/gcc-8/README.Bugs --enable-languages=c,ada,c++,go,brig,d,fortran,objc,obj-c++ --prefix=/usr --with-gcc-major-version-only --program-suffix=-8 --program-prefix=x86_64-linux-gnu- --enable-shared --enable-linker-build-id --libexecdir=/usr/lib --without-included-gettext --enable-threads=posix --libdir=/usr/lib --enable-nls --enable-bootstrap --enable-clocale=gnu --enable-libstdcxx-debug --enable-libstdcxx-time=yes --with-default-libstdcxx-abi=new --enable-gnu-unique-object --disable-vtable-verify --enable-libmpx --enable-plugin --enable-default-pie --with-system-zlib --with-target-system-zlib --enable-objc-gc=auto --enable-multiarch --disable-werror --with-arch-32=i686 --with-abi=m64 --with-multilib-list=m32,m64,mx32 --enable-multilib --with-tune=generic --enable-offload-targets=nvptx-none --without-cuda-driver --enable-checking=release --build=x86_64-linux-gnu --host=x86_64-linux-gnu --target=x86_64-linux-gnu
Thread model: posix
gcc version 8.3.0 (Debian 8.3.0-6) 
configure:2722: $? = 0
configure:2711: cc -V >&5
cc: error: unrecognized command line option '-V'
cc: fatal error: no input files
compilation terminated.
configure:2722: $? = 1
configure:2711: cc -qversion >&5
cc: error: unrecognized command line option '-qversion'; did you mean '--version'?
cc: fatal error: no input files
compilation terminated.
configure:2722: $? = 1
configure:2742: checking whether the C compiler works
configure:2764: cc    conftest.c  >&5
configure:2768: $? = 0
configure:2816: result: yes
configure:2819: checking for C compiler default output file name
configure:2821: result: a.out
configure:2827: checking for suffix of executables
configure:2834: cc -o conftest    conftest.c  >&5
configure:2838: $? = 0
configure:2860: result: 
configure:2882: checking whether we are cross compiling
configure:2890: cc -o conftest    conftest.c  >&5
configure:2894: $? = 0
configure:2901: ./conftest
configure:2905: $? = 0
configure:2893: result: no
configure:2898: checking for suffix of object files
configure:2920: cc -c   conftest.c >&5
configure:2924: $? = 0
configure:2945: result: o
configure:2949: checking whether we are using the GNU C compiler
configure:2968: cc -c   conftest.c >&5
configure:2968: $? = 0
configure:2977: result: yes
configure:2986: checking whether cc accepts -g
configure:3006: cc -c -g  conftest.c >&5
configure:3006: $? = 0
configure:3047: result: yes
configure:3064: checking for cc option to accept ISO C89
configure:3127: cc  -c -g -O2  conftest.c >&5
configure:3127: $? = 0
configure:3140: result: none needed
configure:3166: checking how to run the C preprocessor
configure:3197: cc -E  conftest.c
configure:3197: $? = 0
configure:3211: cc -E  conftest.c
conftest.c:9:10: fatal error: ac_nonexistent.h: No such file or directory
 #include <ac_nonexistent.h>
          ^~~~~~~~~~~~~~~~~~
compilation terminated.
configure:3211: $? = 1
configure: failed program was:
| /* confdefs.h */
| #define PACKAGE_NAME ""
| #define PACKAGE_TARNAME ""
| #define PACKAGE_VERSION ""
| #define PACKAGE_STRING ""
| #define PACKAGE_BUGREPORT ""
| #define PACKAGE_URL ""
| /* end confdefs.h.  */
| #include <ac_nonexistent.h>
configure:3236: result: cc -E
configure:3256: cc -E  conftest.c
configure:3256: $? = 0
configure:3270: cc -E  conftest.c
conftest.c:9:10: fatal error: ac_nonexistent.h: No such file or directory
 #include <ac_nonexistent.h>
          ^~~~~~~~~~~~~~~~~~
compilation terminated.
configure:3270: $? = 1
configure: failed program was:
| /* confdefs.h */
| #define PACKAGE_NAME ""
| #define PACKAGE_TARNAME ""
| #define PACKAGE_VERSION ""
| #define PACKAGE_STRING ""
| #define PACKAGE_BUGREPORT ""
| #define PACKAGE_URL ""
| /* end confdefs.h.  */
| #include <ac_nonexistent.h>
configure:3301: checking for icc
configure:3310: result: no
configure:3324: checking for suncc
configure:3333: result: no
configure:3351: checking whether cc understands -c and -o together
configure:3379: cc -c conftest.c -o conftest2.o >&5
configure:3383: $? = 0
configure:3389: cc -c conftest.c -o conftest2.o >&5
configure:3393: $? = 0
configure:3448: result: yes
configure:3462: checking for system library directory
configure:3477: result: lib
configure:3484: checking if compiler supports -R
configure:3503: cc -o conftest -g -O2   conftest.c -R /usr/lib  >&5
cc: error: unrecognized command line option '-R'
configure:3503: $? = 1
configure: failed program was:
| /* confdefs.h */
| #define PACKAGE_NAME ""
| #define PACKAGE_TARNAME ""
| #define PACKAGE_VERSION ""
| #define PACKAGE_STRING ""
| #define PACKAGE_BUGREPORT ""
| #define PACKAGE_URL ""
| /* end confdefs.h.  */
| 
| int
| main ()
| {
| 
|   ;
|   return 0;
| }
configure:3513: result: no
configure:3518: checking if compiler supports -Wl,-rpath,
configure:3537: cc -o conftest -g -O2   conftest.c -Wl,-rpath,/usr/lib  >&5
configure:3537: $? = 0
configure:3547: result: yes
configure:3592: checking build system type
configure:3606: result: x86_64-pc-linux-gnu
configure:3626: checking host system type
configure:3639: result: x86_64-pc-linux-gnu
configure:3659: checking target system type
configure:3672: result: x86_64-pc-linux-gnu
configure:3775: checking for PHP prefix
configure:3777: result: /usr/local
configure:3779: checking for PHP includes
configure:3781: result: -I/usr/local/include/php -I/usr/local/include/php/main -I/usr/local/include/php/TSRM -I/usr/local/include/php/Zend -I/usr/local/include/php/ext -I/usr/local/include/php/ext/date/lib
configure:3783: checking for PHP extension directory
configure:3785: result: /usr/local/lib/php/extensions/no-debug-non-zts-20180731
configure:3787: checking for PHP installed headers prefix
configure:3789: result: /usr/local/include/php
configure:3792: checking if debug is enabled
configure:3818: result: no
configure:3821: checking if zts is enabled
configure:3847: result: no
configure:3918: checking for re2c
configure:3934: found /usr/bin/re2c
configure:3945: result: re2c
configure:3954: checking for re2c version
configure:3968: result: 1.1.1 (ok)
configure:3987: checking for gawk
configure:4018: result: no
configure:3987: checking for nawk
configure:4004: found /usr/bin/nawk
configure:4015: result: nawk
configure:4038: checking if nawk is broken
configure:4045: result: no
configure:4059: checking whether to enable Xdebug support
configure:4098: result: yes, shared
configure:4107: checking whether to enable Xdebug developer build flags
configure:4121: result: no
configure:4130: checking whether to compress profiler files (requires zlib)
configure:4145: result: yes
configure:4175: checking Check for supported PHP versions
configure:4185: result: supported (7.3.33)
configure:4200: checking for clock_gettime
configure:4214: cc -o conftest -g -O2 -I/usr/local/include/php -I/usr/local/include/php/main -I/usr/local/include/php/TSRM -I/usr/local/include/php/Zend -I/usr/local/include/php/ext -I/usr/local/include/php/ext/date/lib   conftest.c  >&5
configure:4214: $? = 0
configure:4217: result: yes
configure:4270: checking for clock_gettime_nsec_np
configure:4270: cc -o conftest -g -O2 -I/usr/local/include/php -I/usr/local/include/php/main -I/usr/local/include/php/TSRM -I/usr/local/include/php/Zend -I/usr/local/include/php/ext -I/usr/local/include/php/ext/date/lib   conftest.c  >&5
/usr/bin/ld: /tmp/ccCT44I2.o: in function `main':
/app/xdebug-3.1.3/conftest.c:45: undefined reference to `clock_gettime_nsec_np'
collect2: error: ld returned 1 exit status
configure:4270: $? = 1
configure: failed program was:
| /* confdefs.h */
| #define PACKAGE_NAME ""
| #define PACKAGE_TARNAME ""
| #define PACKAGE_VERSION ""
| #define PACKAGE_STRING ""
| #define PACKAGE_BUGREPORT ""
| #define PACKAGE_URL ""
| #define HAVE_XDEBUG 1
| #define HAVE_XDEBUG_CLOCK_GETTIME 1
| /* end confdefs.h.  */
| /* Define clock_gettime_nsec_np to an innocuous variant, in case <limits.h> declares clock_gettime_nsec_np.
|    For example, HP-UX 11i <limits.h> declares gettimeofday.  */
| #define clock_gettime_nsec_np innocuous_clock_gettime_nsec_np
| 
| /* System header to define __stub macros and hopefully few prototypes,
|     which can conflict with char clock_gettime_nsec_np (); below.
|     Prefer <limits.h> to <assert.h> if __STDC__ is defined, since
|     <limits.h> exists even on freestanding compilers.  */
| 
| #ifdef __STDC__
| # include <limits.h>
| #else
| # include <assert.h>
| #endif
| 
| #undef clock_gettime_nsec_np
| 
| /* Override any GCC internal prototype to avoid an error.
|    Use char because int might match the return type of a GCC
|    builtin and then its argument prototype would still apply.  */
| #ifdef __cplusplus
| extern "C"
| #endif
| char clock_gettime_nsec_np ();
| /* The GNU C library defines this for functions which it implements
|     to always fail with ENOSYS.  Some functions are actually named
|     something starting with __ and the normal name is an alias.  */
| #if defined __stub_clock_gettime_nsec_np || defined __stub___clock_gettime_nsec_np
| choke me
| #endif
| 
| int
| main ()
| {
| return clock_gettime_nsec_np ();
|   ;
|   return 0;
| }
configure:4270: result: no
configure:4284: checking for gettimeofday
configure:4284: cc -o conftest -g -O2 -I/usr/local/include/php -I/usr/local/include/php/main -I/usr/local/include/php/TSRM -I/usr/local/include/php/Zend -I/usr/local/include/php/ext -I/usr/local/include/php/ext/date/lib   conftest.c  >&5
configure:4284: $? = 0
configure:4284: result: yes
configure:4295: checking for ANSI C header files
configure:4315: cc -c -g -O2 -I/usr/local/include/php -I/usr/local/include/php/main -I/usr/local/include/php/TSRM -I/usr/local/include/php/Zend -I/usr/local/include/php/ext -I/usr/local/include/php/ext/date/lib  conftest.c >&5
configure:4315: $? = 0
configure:4388: cc -o conftest -g -O2 -I/usr/local/include/php -I/usr/local/include/php/main -I/usr/local/include/php/TSRM -I/usr/local/include/php/Zend -I/usr/local/include/php/ext -I/usr/local/include/php/ext/date/lib   conftest.c  >&5
configure:4388: $? = 0
configure:4388: ./conftest
configure:4388: $? = 0
configure:4399: result: yes
configure:4412: checking for sys/types.h
configure:4412: cc -c -g -O2 -I/usr/local/include/php -I/usr/local/include/php/main -I/usr/local/include/php/TSRM -I/usr/local/include/php/Zend -I/usr/local/include/php/ext -I/usr/local/include/php/ext/date/lib  conftest.c >&5
configure:4412: $? = 0
configure:4412: result: yes
configure:4412: checking for sys/stat.h
configure:4412: cc -c -g -O2 -I/usr/local/include/php -I/usr/local/include/php/main -I/usr/local/include/php/TSRM -I/usr/local/include/php/Zend -I/usr/local/include/php/ext -I/usr/local/include/php/ext/date/lib  conftest.c >&5
configure:4412: $? = 0
configure:4412: result: yes
configure:4412: checking for stdlib.h
configure:4412: cc -c -g -O2 -I/usr/local/include/php -I/usr/local/include/php/main -I/usr/local/include/php/TSRM -I/usr/local/include/php/Zend -I/usr/local/include/php/ext -I/usr/local/include/php/ext/date/lib  conftest.c >&5
configure:4412: $? = 0
configure:4412: result: yes
configure:4412: checking for string.h
configure:4412: cc -c -g -O2 -I/usr/local/include/php -I/usr/local/include/php/main -I/usr/local/include/php/TSRM -I/usr/local/include/php/Zend -I/usr/local/include/php/ext -I/usr/local/include/php/ext/date/lib  conftest.c >&5
configure:4412: $? = 0
configure:4412: result: yes
configure:4412: checking for memory.h
configure:4412: cc -c -g -O2 -I/usr/local/include/php -I/usr/local/include/php/main -I/usr/local/include/php/TSRM -I/usr/local/include/php/Zend -I/usr/local/include/php/ext -I/usr/local/include/php/ext/date/lib  conftest.c >&5
configure:4412: $? = 0
configure:4412: result: yes
configure:4412: checking for strings.h
configure:4412: cc -c -g -O2 -I/usr/local/include/php -I/usr/local/include/php/main -I/usr/local/include/php/TSRM -I/usr/local/include/php/Zend -I/usr/local/include/php/ext -I/usr/local/include/php/ext/date/lib  conftest.c >&5
configure:4412: $? = 0
configure:4412: result: yes
configure:4412: checking for inttypes.h
configure:4412: cc -c -g -O2 -I/usr/local/include/php -I/usr/local/include/php/main -I/usr/local/include/php/TSRM -I/usr/local/include/php/Zend -I/usr/local/include/php/ext -I/usr/local/include/php/ext/date/lib  conftest.c >&5
configure:4412: $? = 0
configure:4412: result: yes
configure:4412: checking for stdint.h
configure:4412: cc -c -g -O2 -I/usr/local/include/php -I/usr/local/include/php/main -I/usr/local/include/php/TSRM -I/usr/local/include/php/Zend -I/usr/local/include/php/ext -I/usr/local/include/php/ext/date/lib  conftest.c >&5
configure:4412: $? = 0
configure:4412: result: yes
configure:4412: checking for unistd.h
configure:4412: cc -c -g -O2 -I/usr/local/include/php -I/usr/local/include/php/main -I/usr/local/include/php/TSRM -I/usr/local/include/php/Zend -I/usr/local/include/php/ext -I/usr/local/include/php/ext/date/lib  conftest.c >&5
configure:4412: $? = 0
configure:4412: result: yes
configure:4427: checking netinet/in.h usability
configure:4427: cc -c -g -O2 -I/usr/local/include/php -I/usr/local/include/php/main -I/usr/local/include/php/TSRM -I/usr/local/include/php/Zend -I/usr/local/include/php/ext -I/usr/local/include/php/ext/date/lib  conftest.c >&5
configure:4427: $? = 0
configure:4427: result: yes
configure:4427: checking netinet/in.h presence
configure:4427: cc -E -I/usr/local/include/php -I/usr/local/include/php/main -I/usr/local/include/php/TSRM -I/usr/local/include/php/Zend -I/usr/local/include/php/ext -I/usr/local/include/php/ext/date/lib  conftest.c
configure:4427: $? = 0
configure:4427: result: yes
configure:4427: checking for netinet/in.h
configure:4427: result: yes
configure:4427: checking poll.h usability
configure:4427: cc -c -g -O2 -I/usr/local/include/php -I/usr/local/include/php/main -I/usr/local/include/php/TSRM -I/usr/local/include/php/Zend -I/usr/local/include/php/ext -I/usr/local/include/php/ext/date/lib  conftest.c >&5
configure:4427: $? = 0
configure:4427: result: yes
configure:4427: checking poll.h presence
configure:4427: cc -E -I/usr/local/include/php -I/usr/local/include/php/main -I/usr/local/include/php/TSRM -I/usr/local/include/php/Zend -I/usr/local/include/php/ext -I/usr/local/include/php/ext/date/lib  conftest.c
configure:4427: $? = 0
configure:4427: result: yes
configure:4427: checking for poll.h
configure:4427: result: yes
configure:4427: checking sys/poll.h usability
configure:4427: cc -c -g -O2 -I/usr/local/include/php -I/usr/local/include/php/main -I/usr/local/include/php/TSRM -I/usr/local/include/php/Zend -I/usr/local/include/php/ext -I/usr/local/include/php/ext/date/lib  conftest.c >&5
configure:4427: $? = 0
configure:4427: result: yes
configure:4427: checking sys/poll.h presence
configure:4427: cc -E -I/usr/local/include/php -I/usr/local/include/php/main -I/usr/local/include/php/TSRM -I/usr/local/include/php/Zend -I/usr/local/include/php/ext -I/usr/local/include/php/ext/date/lib  conftest.c
configure:4427: $? = 0
configure:4427: result: yes
configure:4427: checking for sys/poll.h
configure:4427: result: yes
configure:4543: checking for cos in -lm
configure:4568: cc -o conftest -g -O2 -I/usr/local/include/php -I/usr/local/include/php/main -I/usr/local/include/php/TSRM -I/usr/local/include/php/Zend -I/usr/local/include/php/ext -I/usr/local/include/php/ext/date/lib   conftest.c -lm   >&5
conftest.c:33:6: warning: conflicting types for built-in function 'cos' [-Wbuiltin-declaration-mismatch]
 char cos ();
      ^~~
configure:4568: $? = 0
configure:4577: result: yes
configure:4672: checking for pkg-config
configure:4690: found /usr/bin/pkg-config
configure:4702: result: /usr/bin/pkg-config
configure:4727: checking pkg-config is at least version 0.9.0
configure:4730: result: yes
configure:4740: checking for zlib >= 1.2.9
configure:4747: $PKG_CONFIG --exists --print-errors "zlib >= 1.2.9"
Package zlib was not found in the pkg-config search path.
Perhaps you should add the directory containing `zlib.pc'
to the PKG_CONFIG_PATH environment variable
No package 'zlib' found
configure:4750: $? = 1
configure:4764: $PKG_CONFIG --exists --print-errors "zlib >= 1.2.9"
Package zlib was not found in the pkg-config search path.
Perhaps you should add the directory containing `zlib.pc'
to the PKG_CONFIG_PATH environment variable
No package 'zlib' found
configure:4767: $? = 1
configure:4781: result: no
No package 'zlib' found
configure:6722: checking for ld used by cc
configure:6789: result: /usr/bin/ld
configure:6796: checking if the linker (/usr/bin/ld) is GNU ld
configure:6811: result: yes
configure:6816: checking for /usr/bin/ld option to reload object files
configure:6823: result: -r
configure:6841: checking for BSD-compatible nm
configure:6890: result: /usr/bin/nm -B
configure:6894: checking whether ln -s works
configure:6898: result: yes
configure:6905: checking how to recognize dependent libraries
configure:7091: result: pass_all
configure:7176: cc -c -g -O2  conftest.c >&5
configure:7179: $? = 0
configure:7311: checking dlfcn.h usability
configure:7311: cc -c -g -O2  conftest.c >&5
configure:7311: $? = 0
configure:7311: result: yes
configure:7311: checking dlfcn.h presence
configure:7311: cc -E  conftest.c
configure:7311: $? = 0
configure:7311: result: yes
configure:7311: checking for dlfcn.h
configure:7311: result: yes
configure:7333: checking the maximum length of command line arguments
configure:7445: result: 1572864
configure:7457: checking command to parse /usr/bin/nm -B output from cc object
configure:7562: cc -c -g -O2  conftest.c >&5
configure:7565: $? = 0
configure:7569: /usr/bin/nm -B conftest.o \| sed -n -e 's/^.*[ 	]\([ABCDGIRSTW][ABCDGIRSTW]*\)[ 	][ 	]*\([_A-Za-z][_A-Za-z0-9]*\)$/\1 \2 \2/p' \> conftest.nm
configure:7572: $? = 0
configure:7624: cc -o conftest -g -O2   conftest.c conftstm.o >&5
configure:7627: $? = 0
configure:7665: result: ok
configure:7669: checking for objdir
configure:7684: result: .libs
configure:7776: checking for ar
configure:7792: found /usr/bin/ar
configure:7803: result: ar
configure:7868: checking for ranlib
configure:7884: found /usr/bin/ranlib
configure:7895: result: ranlib
configure:7960: checking for strip
configure:7976: found /usr/bin/strip
configure:7987: result: strip
configure:8556: checking if cc supports -fno-rtti -fno-exceptions
configure:8605: cc -c -g -O2  -fno-rtti -fno-exceptions conftest.c >&5
cc1: warning: command line option '-fno-rtti' is valid for C++/ObjC++ but not for C
configure:8609: $? = 0
configure:8591: result: no
configure:8581: checking for cc option to produce PIC
configure:8821: result: -fPIC
configure:8829: checking if cc PIC flag -fPIC works
configure:8903: cc -c -g -O2  -fPIC -DPIC conftest.c >&5
configure:8907: $? = 0
configure:8864: result: yes
configure:8863: checking if cc static flag -static works
configure:8891: result: yes
configure:8901: checking if cc supports -c -o file.o
configure:9007: cc -c -g -O2  -o out/conftest2.o conftest.c >&5
configure:9011: $? = 0
configure:8924: result: yes
configure:8950: checking whether the cc linker (/usr/bin/ld -m elf_x86_64) supports shared libraries
configure:9878: result: yes
configure:9899: checking whether -lc should be explicitly linked in
configure:9904: cc -c -g -O2  conftest.c >&5
configure:9907: $? = 0
configure:9922: cc -shared conftest.o  -v -Wl,-soname -Wl,conftest -o conftest 2\>\&1 \| grep  -lc  \>/dev/null 2\>\&1
configure:9925: $? = 0
configure:9937: result: no
configure:9945: checking dynamic linker characteristics
configure:10543: result: GNU/Linux ld.so
configure:10567: checking how to hardcode library paths into programs
configure:10592: result: immediate
configure:10606: checking whether stripping libraries is possible
configure:10611: result: yes
configure:11120: checking if libtool supports shared libraries
configure:11122: result: yes
configure:11125: checking whether to build shared libraries
configure:11146: result: yes
configure:11149: checking whether to build static libraries
configure:11153: result: no
configure:11248: result:
creating libtool
configure:14938: creating ./config.status

## ---------------------- ##
## Running config.status. ##
## ---------------------- ##

This file was extended by config.status, which was
generated by GNU Autoconf 2.69.  Invocation command line was

  CONFIG_FILES    = 
  CONFIG_HEADERS  = 
  CONFIG_LINKS    = 
  CONFIG_COMMANDS = 
  $ ./config.status 

on 3422e3840618

config.status:679: creating config.h

## ---------------- ##
## Cache variables. ##
## ---------------- ##

ac_cv_build=x86_64-pc-linux-gnu
ac_cv_c_compiler_gnu=yes
ac_cv_env_CC_set=
ac_cv_env_CC_value=
ac_cv_env_CFLAGS_set=
ac_cv_env_CFLAGS_value=
ac_cv_env_CPPFLAGS_set=
ac_cv_env_CPPFLAGS_value=
ac_cv_env_CPP_set=
ac_cv_env_CPP_value=
ac_cv_env_LDFLAGS_set=
ac_cv_env_LDFLAGS_value=
ac_cv_env_LIBS_set=
ac_cv_env_LIBS_value=
ac_cv_env_PKG_CONFIG_LIBDIR_set=
ac_cv_env_PKG_CONFIG_LIBDIR_value=
ac_cv_env_PKG_CONFIG_PATH_set=
ac_cv_env_PKG_CONFIG_PATH_value=
ac_cv_env_PKG_CONFIG_set=
ac_cv_env_PKG_CONFIG_value=
ac_cv_env_ZLIB_CFLAGS_set=
ac_cv_env_ZLIB_CFLAGS_value=
ac_cv_env_ZLIB_LIBS_set=
ac_cv_env_ZLIB_LIBS_value=
ac_cv_env_build_alias_set=
ac_cv_env_build_alias_value=
ac_cv_env_host_alias_set=
ac_cv_env_host_alias_value=
ac_cv_env_target_alias_set=
ac_cv_env_target_alias_value=
ac_cv_func_clock_gettime_nsec_np=no
ac_cv_func_gettimeofday=yes
ac_cv_header_dlfcn_h=yes
ac_cv_header_inttypes_h=yes
ac_cv_header_memory_h=yes
ac_cv_header_netinet_in_h=yes
ac_cv_header_poll_h=yes
ac_cv_header_stdc=yes
ac_cv_header_stdint_h=yes
ac_cv_header_stdlib_h=yes
ac_cv_header_string_h=yes
ac_cv_header_strings_h=yes
ac_cv_header_sys_poll_h=yes
ac_cv_header_sys_stat_h=yes
ac_cv_header_sys_types_h=yes
ac_cv_header_unistd_h=yes
ac_cv_host=x86_64-pc-linux-gnu
ac_cv_lib_m_cos=yes
ac_cv_objext=o
ac_cv_path_EGREP='/bin/grep -E'
ac_cv_path_GREP=/bin/grep
ac_cv_path_ac_pt_PKG_CONFIG=/usr/bin/pkg-config
ac_cv_prog_AWK=nawk
ac_cv_prog_CPP='cc -E'
ac_cv_prog_RE2C=re2c
ac_cv_prog_ac_ct_AR=ar
ac_cv_prog_ac_ct_CC=cc
ac_cv_prog_ac_ct_RANLIB=ranlib
ac_cv_prog_ac_ct_STRIP=strip
ac_cv_prog_cc_c89=
ac_cv_prog_cc_cc_c_o=yes
ac_cv_prog_cc_g=yes
ac_cv_target=x86_64-pc-linux-gnu
lt_cv_deplibs_check_method=pass_all
lt_cv_file_magic_cmd='$MAGIC_CMD'
lt_cv_file_magic_test_file=
lt_cv_ld_reload_flag=-r
lt_cv_objdir=.libs
lt_cv_path_LD=/usr/bin/ld
lt_cv_path_NM='/usr/bin/nm -B'
lt_cv_path_SED=/bin/sed
lt_cv_prog_compiler_c_o=yes
lt_cv_prog_compiler_pic_works=yes
lt_cv_prog_compiler_rtti_exceptions=no
lt_cv_prog_compiler_static_works=yes
lt_cv_prog_gnu_ld=yes
lt_cv_sys_global_symbol_pipe='sed -n -e '\''s/^.*[ 	]\([ABCDGIRSTW][ABCDGIRSTW]*\)[ 	][ 	]*\([_A-Za-z][_A-Za-z0-9]*\)$/\1 \2 \2/p'\'''
lt_cv_sys_global_symbol_to_c_name_address='sed -n -e '\''s/^: \([^ ]*\) $/  {\"\1\", (lt_ptr) 0},/p'\'' -e '\''s/^[BCDEGRST] \([^ ]*\) \([^ ]*\)$/  {"\2", (lt_ptr) \&\2},/p'\'''
lt_cv_sys_global_symbol_to_cdecl='sed -n -e '\''s/^. .* \(.*\)$/extern int \1;/p'\'''
lt_cv_sys_lib_dlsearch_path_spec='/lib /usr/lib /usr/local/lib /usr/local/lib/x86_64-linux-gnu /lib/x86_64-linux-gnu /usr/lib/x86_64-linux-gnu '
lt_cv_sys_lib_search_path_spec='/usr/lib/gcc/x86_64-linux-gnu/8 /usr/lib/x86_64-linux-gnu /usr/lib /lib/x86_64-linux-gnu /lib'
lt_cv_sys_max_cmd_len=1572864
lt_lt_cv_prog_compiler_c_o='"yes"'
lt_lt_cv_sys_global_symbol_pipe='"sed -n -e '\''s/^.*[ 	]\\([ABCDGIRSTW][ABCDGIRSTW]*\\)[ 	][ 	]*\\([_A-Za-z][_A-Za-z0-9]*\\)\$/\\1 \\2 \\2/p'\''"'
lt_lt_cv_sys_global_symbol_to_c_name_address='"sed -n -e '\''s/^: \\([^ ]*\\) \$/  {\\\"\\1\\\", (lt_ptr) 0},/p'\'' -e '\''s/^[BCDEGRST] \\([^ ]*\\) \\([^ ]*\\)\$/  {\"\\2\", (lt_ptr) \\&\\2},/p'\''"'
lt_lt_cv_sys_global_symbol_to_cdecl='"sed -n -e '\''s/^. .* \\(.*\\)\$/extern int \\1;/p'\''"'
php_cv_cc_dashr=no
php_cv_cc_rpath=yes
php_cv_re2c_version='1.1.1 (ok)'

## ----------------- ##
## Output variables. ##
## ----------------- ##

AR='ar'
AWK='nawk'
CC='cc'
CFLAGS='-g -O2'
CONFIGURE_COMMAND=' '\''./configure'\'' '
CONFIGURE_OPTIONS=''
CPP='cc -E'
CPPFLAGS=' -DHAVE_CONFIG_H'
DEFS='-DHAVE_CONFIG_H'
DSYMUTIL=''
ECHO='echo'
ECHO_C=''
ECHO_N='-n'
ECHO_T=''
EGREP='/bin/grep -E'
EXEEXT=''
GREP='/bin/grep'
LDFLAGS=''
LIBOBJS=''
LIBS=''
LIBTOOL='$(SHELL) $(top_builddir)/libtool'
LN_S='ln -s'
LTLIBOBJS=''
NMEDIT=''
OBJEXT='o'
PACKAGE_BUGREPORT=''
PACKAGE_NAME=''
PACKAGE_STRING=''
PACKAGE_TARNAME=''
PACKAGE_URL=''
PACKAGE_VERSION=''
PATH_SEPARATOR=':'
PKG_CONFIG='/usr/bin/pkg-config'
PKG_CONFIG_LIBDIR=''
PKG_CONFIG_PATH=''
RANLIB='ranlib'
RE2C='re2c'
SED='/bin/sed'
SHELL='/bin/bash'
SHLIB_DL_SUFFIX_NAME='so'
SHLIB_SUFFIX_NAME='so'
STRIP='strip'
ZLIB_CFLAGS=''
ZLIB_LIBS=''
ac_ct_CC='cc'
bindir='${exec_prefix}/bin'
build='x86_64-pc-linux-gnu'
build_alias=''
build_cpu='x86_64'
build_os='linux-gnu'
build_vendor='pc'
datadir='${datarootdir}'
datarootdir='${prefix}/share'
docdir='${datarootdir}/doc/${PACKAGE}'
dvidir='${docdir}'
exec_prefix='$(prefix)'
host='x86_64-pc-linux-gnu'
host_alias='x86_64-pc-linux-gnu'
host_cpu='x86_64'
host_os='linux-gnu'
host_vendor='pc'
htmldir='${docdir}'
includedir='${prefix}/include'
infodir='${datarootdir}/info'
libdir='${exec_prefix}/lib'
libexecdir='${exec_prefix}/libexec'
localedir='${datarootdir}/locale'
localstatedir='${prefix}/var'
mandir='${datarootdir}/man'
oldincludedir='/usr/include'
pdfdir='${docdir}'
prefix='/usr/local'
program_transform_name='s,x,x,'
psdir='${docdir}'
runstatedir='${localstatedir}/run'
sbindir='${exec_prefix}/sbin'
sharedstatedir='${prefix}/com'
sysconfdir='${prefix}/etc'
target='x86_64-pc-linux-gnu'
target_alias=''
target_cpu='x86_64'
target_os='linux-gnu'
target_vendor='pc'

## ----------- ##
## confdefs.h. ##
## ----------- ##

/* confdefs.h */
#define PACKAGE_NAME ""
#define PACKAGE_TARNAME ""
#define PACKAGE_VERSION ""
#define PACKAGE_STRING ""
#define PACKAGE_BUGREPORT ""
#define PACKAGE_URL ""
#define HAVE_XDEBUG 1
#define HAVE_XDEBUG_CLOCK_GETTIME 1
#define HAVE_XDEBUG_CLOCK_GETTIME_NSEC_NP 0
#define HAVE_GETTIMEOFDAY 1
#define STDC_HEADERS 1
#define HAVE_SYS_TYPES_H 1
#define HAVE_SYS_STAT_H 1
#define HAVE_STDLIB_H 1
#define HAVE_STRING_H 1
#define HAVE_MEMORY_H 1
#define HAVE_STRINGS_H 1
#define HAVE_INTTYPES_H 1
#define HAVE_STDINT_H 1
#define HAVE_UNISTD_H 1
#define HAVE_NETINET_IN_H 1
#define HAVE_POLL_H 1
#define HAVE_SYS_POLL_H 1
#define COMPILE_DL_XDEBUG 1
#define HAVE_DLFCN_H 1

configure: exit 0
